<?xml version="1.0" encoding="UTF-8"?>
<testsuite xmlns:xsi="http://www.w3.org/2001/XMLSchema-instance" xsi:noNamespaceSchemaLocation="https://maven.apache.org/surefire/maven-surefire-plugin/xsd/surefire-test-report.xsd" name="OrderTest" time="0.806" tests="2" errors="0" skipped="0" failures="0">
  <properties>
[...]
</properties>
  <testcase name="getOrdersWithoutAuthTest" classname="OrderTest" time="0.332"/>
  <testcase name="getOrdersWithAuthTest" classname="OrderTest" time="0.471"/>
</testsuite>